[debug] [2023-06-25T12:03:25.914Z] ----------------------------------------------------------------------
[debug] [2023-06-25T12:03:25.915Z] Command:       C:\Program Files\nodejs\node.exe C:\Users\viloca\AppData\Roaming\npm\node_modules\firebase-tools\lib\bin\firebase.js deploy
[debug] [2023-06-25T12:03:25.915Z] CLI Version:   12.4.0
[debug] [2023-06-25T12:03:25.915Z] Platform:      win32
[debug] [2023-06-25T12:03:25.915Z] Node Version:  v16.15.1
[debug] [2023-06-25T12:03:25.916Z] Time:          Sun Jun 25 2023 07:03:25 GMT-0500 (Central Daylight Time)
[debug] [2023-06-25T12:03:25.916Z] ----------------------------------------------------------------------
[debug] 
[debug] [2023-06-25T12:03:25.956Z] > command requires scopes: ["email","openid","https://www.googleapis.com/auth/cloudplatformprojects.readonly","https://www.googleapis.com/auth/firebase","https://www.googleapis.com/auth/cloud-platform"]
[debug] [2023-06-25T12:03:25.957Z] > authorizing via signed-in user (viloca42@gmail.com)
[debug] [2023-06-25T12:03:25.957Z] [iam] checking project andrewsreactportfolio for permissions ["firebase.projects.get","firebasehosting.sites.update"]
[debug] [2023-06-25T12:03:25.960Z] >>> [apiv2][query] POST https://cloudresourcemanager.googleapis.com/v1/projects/andrewsreactportfolio:testIamPermissions [none]
[debug] [2023-06-25T12:03:25.961Z] >>> [apiv2][(partial)header] POST https://cloudresourcemanager.googleapis.com/v1/projects/andrewsreactportfolio:testIamPermissions x-goog-quota-user=projects/andrewsreactportfolio
[debug] [2023-06-25T12:03:25.961Z] >>> [apiv2][body] POST https://cloudresourcemanager.googleapis.com/v1/projects/andrewsreactportfolio:testIamPermissions {"permissions":["firebase.projects.get","firebasehosting.sites.update"]}
[debug] [2023-06-25T12:03:26.249Z] <<< [apiv2][status] POST https://cloudresourcemanager.googleapis.com/v1/projects/andrewsreactportfolio:testIamPermissions 200
[debug] [2023-06-25T12:03:26.249Z] <<< [apiv2][body] POST https://cloudresourcemanager.googleapis.com/v1/projects/andrewsreactportfolio:testIamPermissions {"permissions":["firebase.projects.get","firebasehosting.sites.update"]}
[debug] [2023-06-25T12:03:26.250Z] >>> [apiv2][query] GET https://firebase.googleapis.com/v1beta1/projects/andrewsreactportfolio [none]
[debug] [2023-06-25T12:03:26.650Z] <<< [apiv2][status] GET https://firebase.googleapis.com/v1beta1/projects/andrewsreactportfolio 200
[debug] [2023-06-25T12:03:26.650Z] <<< [apiv2][body] GET https://firebase.googleapis.com/v1beta1/projects/andrewsreactportfolio {"projectId":"andrewsreactportfolio","projectNumber":"493104265688","displayName":"AndrewsReactPortfolio","name":"projects/andrewsreactportfolio","resources":{"hostingSite":"andrewsreactportfolio"},"state":"ACTIVE","etag":"1_6e0de86c-5157-4bdd-9672-5e7185b41f20"}
[info] 
   Thank you for trying our early preview of Next.js support on Firebase Hosting.
   During the preview, support is best-effort and breaking changes can be expected. Proceed with caution.

   Documentation: https://firebase.google.com/docs/hosting/frameworks/nextjs
   File a bug: https://github.com/firebase/firebase-tools/issues/new?template=bug_report.md
   Submit a feature request: https://github.com/firebase/firebase-tools/issues/new?template=feature_request.md

   We'd love to learn from you. Express your interest in helping us shape the future of Firebase Hosting: https://goo.gle/41enW5X

